\BOOKMARK [1][-]{section.1}{\376\377\122\115\212\000}{}% 1
\BOOKMARK [1][-]{section.2}{\376\377\172\172\154\043\154\141\147\323\226\062\122\066\214\273}{}% 2
\BOOKMARK [2][-]{subsection.2.1}{\376\377\154\141\147\323\200\005\116\330\214\273\123\237\122\107}{section.2}% 3
\BOOKMARK [2][-]{subsection.2.2}{\376\377\137\265\145\066\134\015\214\141}{section.2}% 4
\BOOKMARK [2][-]{subsection.2.3}{\376\377\126\372\133\232\154\141\147\323\156\220\172\172\154\043\154\141\147\323\226\062\122\066\214\273\212\010\173\227\145\271\137\017}{section.2}% 5
\BOOKMARK [2][-]{subsection.2.4}{\376\377\172\075\137\265\172\013\136\217}{section.2}% 6
\BOOKMARK [2][-]{subsection.2.5}{\376\377\172\172\154\141\214\273\160\272\154\325\133\232\116\113\120\265}{section.2}% 7
\BOOKMARK [1][-]{section.3}{\376\377\060\014\217\375\210\334\060\015\172\172\154\141\214\273\116\113\230\136\127\213}{}% 8
\BOOKMARK [2][-]{subsection.3.1}{\376\377\145\066\214\273\217\246\154\325\173\054\0001\0007\150\235}{section.3}% 9
\BOOKMARK [2][-]{subsection.3.2}{\376\377\116\345\145\105\141\017\145\271\137\017\167\355\060\001\157\017\130\061\200\005}{section.3}% 10
\BOOKMARK [1][-]{section.4}{\376\377\133\346\122\331\150\110\117\213}{}% 11
\BOOKMARK [2][-]{subsection.4.1}{\376\377\150\110\116\366\200\314\146\157}{section.4}% 12
\BOOKMARK [2][-]{subsection.4.2}{\376\377\146\102\145\110\162\055\213\160}{section.4}% 13
\BOOKMARK [1][-]{section.5}{\376\377\147\054\145\207\211\213\211\343}{}% 14
\BOOKMARK [2][-]{subsection.5.1}{\376\377\212\313\154\102\153\012\146\102\145\110\166\204\154\325\137\213\117\335\165\131\123\237\122\107}{section.5}% 15
\BOOKMARK [2][-]{subsection.5.2}{\376\377\146\102\145\110\215\167\173\227\146\102\236\336}{section.5}% 16
\BOOKMARK [2][-]{subsection.5.3}{\376\377\146\102\145\110\116\055\145\267\146\102\236\336}{section.5}% 17
\BOOKMARK [1][-]{section.6}{\376\377\134\017\175\120}{}% 18
\BOOKMARK [2][-]{subsection.6.1}{\376\377\147\054\145\207\116\073\137\065\141\311\134\007\172\172\154\141\214\273\116\345\143\007\133\232\165\050\220\024\172\005\116\113\137\142\137\017\212\262\137\265}{section.6}% 19
\BOOKMARK [2][-]{subsection.6.2}{\376\377\141\311\212\162\146\016\170\272\172\172\154\141\214\273\160\272\154\325\133\232\116\113\120\265}{section.6}% 20
\BOOKMARK [2][-]{subsection.6.3}{\376\377\141\311\212\162\146\016\170\272\172\172\154\141\214\273\167\355\157\017\116\113\154\325\137\213\145\110\147\234}{section.6}% 21
